DEV_KW/app/build/outputs/logs/manifest-merger-debug-report.txt
-- Merging decision tree log ---
manifest
ADDED from src\main\AndroidManifest.xml:2:1-25:12
	package
		ADDED from src\main\AndroidManifest.xml:3:5-31
		INJECTED from src\main\AndroidManifest.xml
		INJECTED from src\main\AndroidManifest.xml
	android:versionName
		INJECTED from src\main\AndroidManifest.xml
		INJECTED from src\main\AndroidManifest.xml
	xmlns:android
		ADDED from src\main\AndroidManifest.xml:2:11-69
	android:versionCode
		INJECTED from src\main\AndroidManifest.xml
		INJECTED from src\main\AndroidManifest.xml
uses-permission#android.permission.CAMERA
ADDED from src\main\AndroidManifest.xml:5:5-65
MERGED from [ScanDemoExample:scanlibrary:unspecified] AndroidManifest.xml:15:5-65
	android:name
		ADDED from src\main\AndroidManifest.xml:5:22-62
uses-permission#android.permission.READ_EXTERNAL_STORAGE
ADDED from src\main\AndroidManifest.xml:6:5-80
MERGED from [ScanDemoExample:scanlibrary:unspecified] AndroidManifest.xml:16:5-80
	android:name
		ADDED from src\main\AndroidManifest.xml:6:22-77
uses-permission#android.permission.WRITE_EXTERNAL_STORAGE
ADDED from src\main\AndroidManifest.xml:7:5-81
MERGED from [ScanDemoExample:scanlibrary:unspecified] AndroidManifest.xml:17:5-81
	android:name
		ADDED from src\main\AndroidManifest.xml:7:22-78
application
ADDED from src\main\AndroidManifest.xml:9:5-23:19
MERGED from [ScanDemoExample:scanlibrary:unspecified] AndroidManifest.xml:19:5-39:19
MERGED from [com.android.support:appcompat-v7:21.0.3] AndroidManifest.xml:16:5-19
MERGED from [com.android.support:support-v4:24.0.0] AndroidManifest.xml:25:5-20
	android:label
		ADDED from src\main\AndroidManifest.xml:12:9-41
	android:hardwareAccelerated
		ADDED from [ScanDemoExample:scanlibrary:unspecified] AndroidManifest.xml:21:9-43
	android:allowBackup
		ADDED from src\main\AndroidManifest.xml:10:9-35
	android:icon
		ADDED from src\main\AndroidManifest.xml:11:9-45
	android:largeHeap
		ADDED from [ScanDemoExample:scanlibrary:unspecified] AndroidManifest.xml:23:9-33
	android:theme
		ADDED from src\main\AndroidManifest.xml:13:9-40
activity#com.scanner.demo.MainActivity
ADDED from src\main\AndroidManifest.xml:14:9-22:20
	android:label
		ADDED from src\main\AndroidManifest.xml:16:13-45
	android:name
		ADDED from src\main\AndroidManifest.xml:15:13-41
intent-filter#android.intent.action.MAIN+android.intent.category.LAUNCHER
ADDED from src\main\AndroidManifest.xml:17:13-21:29
action#android.intent.action.MAIN
ADDED from src\main\AndroidManifest.xml:18:17-69
	android:name
		ADDED from src\main\AndroidManifest.xml:18:25-66
category#android.intent.category.LAUNCHER
ADDED from src\main\AndroidManifest.xml:20:17-77
	android:name
		ADDED from src\main\AndroidManifest.xml:20:27-74
uses-sdk
INJECTED from src\main\AndroidManifest.xml reason: use-sdk injection requested
MERGED from [ScanDemoExample:scanlibrary:unspecified] AndroidManifest.xml:7:5-9:41
MERGED from [com.android.support:appcompat-v7:21.0.3] AndroidManifest.xml:15:5-42
MERGED from [com.android.support:support-v4:24.0.0] AndroidManifest.xml:21:5-23:54
	tools:overrideLibrary
		ADDED from [com.android.support:support-v4:24.0.0] AndroidManifest.xml:23:9-51
	android:targetSdkVersion
		INJECTED from src\main\AndroidManifest.xml
		INJECTED from src\main\AndroidManifest.xml
	android:minSdkVersion
		INJECTED from src\main\AndroidManifest.xml
		INJECTED from src\main\AndroidManifest.xml
uses-feature#android.hardware.camera
ADDED from [ScanDemoExample:scanlibrary:unspecified] AndroidManifest.xml:11:5-13:35
	android:required
		ADDED from [ScanDemoExample:scanlibrary:unspecified] AndroidManifest.xml:13:9-32
	android:name
		ADDED from [ScanDemoExample:scanlibrary:unspecified] AndroidManifest.xml:12:9-47
activity#com.scanlibrary.ScanActivity
ADDED from [ScanDemoExample:scanlibrary:unspecified] AndroidManifest.xml:24:9-28:20
	android:label
		ADDED from [ScanDemoExample:scanlibrary:unspecified] AndroidManifest.xml:27:13-45
	android:configChanges
		ADDED from [ScanDemoExample:scanlibrary:unspecified] AndroidManifest.xml:26:13-59
	android:name
		ADDED from [ScanDemoExample:scanlibrary:unspecified] AndroidManifest.xml:25:13-56
provider#android.support.v4.content.FileProvider
ADDED from [ScanDemoExample:scanlibrary:unspecified] AndroidManifest.xml:30:9-38:20
	android:authorities
		ADDED from [ScanDemoExample:scanlibrary:unspecified] AndroidManifest.xml:32:13-59
	android:grantUriPermissions
		ADDED from [ScanDemoExample:scanlibrary:unspecified] AndroidManifest.xml:34:13-47
	android:exported
		ADDED from [ScanDemoExample:scanlibrary:unspecified] AndroidManifest.xml:33:13-37
	android:name
		ADDED from [ScanDemoExample:scanlibrary:unspecified] AndroidManifest.xml:31:13-67
meta-data#android.support.FILE_PROVIDER_PATHS
ADDED from [ScanDemoExample:scanlibrary:unspecified] AndroidManifest.xml:35:13-37:58
	android:resource
		ADDED from [ScanDemoExample:scanlibrary:unspecified] AndroidManifest.xml:37:17-55
	android:name
		ADDED from [ScanDemoExample:scanlibrary:unspecified] AndroidManifest.xml:36:17-67